This is pdfTeX, Version 3.14159265-2.6-1.40.17 (TeX Live 2016/Arch Linux) (preloaded format=pdflatex 2017.7.4)  12 JUL 2017 23:33
entering extended mode
 restricted \write18 enabled.
 %&-line parsing enabled.
**long_resume.tex
(./long_resume.tex
LaTeX2e <2017/01/01> patch level 3
Babel <3.9r> and hyphenation patterns for 83 language(s) loaded.
(/usr/share/texmf-dist/tex/latex/base/article.cls
Document Class: article 2014/09/29 v1.4h Standard LaTeX document class
(/usr/share/texmf-dist/tex/latex/base/size10.clo
File: size10.clo 2014/09/29 v1.4h Standard LaTeX file (size option)
)
\c@part=\count79
\c@section=\count80
\c@subsection=\count81
\c@subsubsection=\count82
\c@paragraph=\count83
\c@subparagraph=\count84
\c@figure=\count85
\c@table=\count86
\abovecaptionskip=\skip41
\belowcaptionskip=\skip42
\bibindent=\dimen102
)
(/usr/share/texmf-dist/tex/latex/parskip/parskip.sty
Package: parskip 2001/04/09 non-zero parskip adjustments
) (./long_resume.aux)
\openout1 = `long_resume.aux'.

LaTeX Font Info:    Checking defaults for OML/cmm/m/it on input line 15.
LaTeX Font Info:    ... okay on input line 15.
LaTeX Font Info:    Checking defaults for T1/cmr/m/n on input line 15.
LaTeX Font Info:    ... okay on input line 15.
LaTeX Font Info:    Checking defaults for OT1/cmr/m/n on input line 15.
LaTeX Font Info:    ... okay on input line 15.
LaTeX Font Info:    Checking defaults for OMS/cmsy/m/n on input line 15.
LaTeX Font Info:    ... okay on input line 15.
LaTeX Font Info:    Checking defaults for OMX/cmex/m/n on input line 15.
LaTeX Font Info:    ... okay on input line 15.
LaTeX Font Info:    Checking defaults for U/cmr/m/n on input line 15.
LaTeX Font Info:    ... okay on input line 15.
LaTeX Font Info:    Try loading font information for OMS+cmr on input line 37.

(/usr/share/texmf-dist/tex/latex/base/omscmr.fd
File: omscmr.fd 2014/09/29 v2.5h Standard LaTeX font definitions
)
LaTeX Font Info:    Font shape `OMS/cmr/m/n' in size <10> not available
(Font)              Font shape `OMS/cmsy/m/n' tried instead on input line 37.
 [1

{/var/lib/texmf/fonts/map/pdftex/updmap/pdftex.map}]
Overfull \hbox (4.88481pt too wide) in paragraph at lines 144--145
[]\OT1/cmr/m/n/10 Developed Al-pha ver-sion of An-no-tate for Word, port-ing An
-no-tate style/features to Mi-crosoft's Javascript
 []

[2] (./long_resume.aux) ) 
Here is how much of TeX's memory you used:
 235 strings out of 493013
 2738 string characters out of 6139318
 59646 words of memory out of 5000000
 3854 multiletter control sequences out of 15000+600000
 4899 words of font info for 18 fonts, out of 8000000 for 9000
 1141 hyphenation exceptions out of 8191
 23i,4n,19p,184b,149s stack positions out of 5000i,500n,10000p,200000b,80000s
 </usr/share/texmf-dist/fonts/pk/ljfour/public/cm/dpi6
00/cmsy10.pk> </usr/share/texmf-dist/fonts/pk/ljfour/public/cm/dpi600/cmti10.pk
> </usr/share/texmf-dist/fonts/pk/ljfour/public/cm/dpi600/cmbx10.pk> </home/dou
g/.texlive/texmf-var/fonts/pk/ljfour/public/cm/cmbx12.720pk> </usr/share/texmf-
dist/fonts/pk/ljfour/public/cm/dpi600/cmr10.pk>
Output written on long_resume.pdf (2 pages, 52068 bytes).
PDF statistics:
 195 PDF objects out of 1000 (max. 8388607)
 26 compressed objects within 1 object stream
 0 named destinations out of 1000 (max. 500000)
 1 words of extra memory for PDF output out of 10000 (max. 10000000)

